[LOG] SystemI::init                            : FMOD Studio Version: 00010815 (82192)
[LOG] SystemI::init                            : maxchannels = 1024, flags = 00030000, extradriverdata = 0000000000000000
[LOG] SystemI::close                           : 
[LOG] SystemI::close                           : Stop all sounds
[LOG] SystemI::close                           : done.

[LOG] OutputWASAPI::init                       : Mix Format (WAVEFORMATEX): wFormatTag=0xFFFE, nChannels=2, nSamplesPerSec=48000, nAvgBytesPerSec=384000, nBlockAlign=8, wBitsPerSample=32, cbSize=22.
[LOG] OutputWASAPI::init                       : Mix Format (WAVEFORMATEXTENSIBLE): wValidBitsPerSample=32, dwChannelMask=0x00000003, SubFormat=00000003-0000-0010-8000-00AA00389B71.
[LOG] OutputWASAPI::init                       : Output buffer size: 4096 samples, latency: 10.67ms, period: 10.00ms, DSP buffer: 1024 * 4
[LOG] DownMixCircleSurround::init              : dspbuffersize: 1024  rate: 48000.
[LOG] DownMixCircleSurround::init              : done.
[LOG] Thread::initThread                       : Initializing FMOD mixer thread.  priority 3
[LOG] Thread::initThread                       : - Stacksize 49152.  Stack pointer 0000000000000000 : usesemaphore = 0 : sleeptime = 0
[LOG] Thread::callback                         : * FMOD mixer thread started
[LOG] SystemI::init                            : Set up emulated output
[LOG] SystemI::init                            : create the channel pool
[LOG] Thread::initThread                       : Initializing FMOD stream thread.  priority 2
[LOG] Thread::initThread                       : - Stacksize 65536.  Stack pointer 0000000000000000 : usesemaphore = 0 : sleeptime = 10
[LOG] Thread::callback                         : * FMOD stream thread started
[LOG] Thread::initThread                       : Initializing FMOD Studio update thread.  priority 0
[LOG] Thread::initThread                       : - Stacksize 65536.  Stack pointer 0000000000000000 : usesemaphore = 0 : sleeptime = 1
[LOG] Thread::callback                         : * FMOD Studio update thread started
[LOG] Thread::initThread                       : Initializing FMOD Studio sample load thread.  priority 0
[LOG] Thread::initThread                       : - Stacksize 65536.  Stack pointer 0000000000000000 : usesemaphore = 0 : sleeptime = 1
[LOG] Thread::callback                         : * FMOD Studio sample load thread started
[LOG] LiveUpdate::init                         : 
[LOG] Thread::initThread                       : Initializing FMOD Studio bank load thread.  priority 0
[LOG] Thread::initThread                       : - Stacksize 65536.  Stack pointer 0000000000000000 : usesemaphore = 0 : sleeptime = 1
[LOG] Thread::callback                         : * FMOD Studio bank load thread started
[LOG] Profile::init                            : Profiler listening on port: 9264
[LOG] Manager::readBank                        : fileversion = 80, compatVersion = 70 (oldest = 44, newest = 80)
[LOG] Manager::readBank                        : fileversion = 80, compatVersion = 70 (oldest = 44, newest = 80)
[LOG] PlaybackSystem::acquireMasterBus         : Setting master channel group format to 6
[LOG] SystemI::createSoundInternal             : filename =  : mode 02000202
[LOG] SystemI::createSoundInternal             : exinfo->cbsize             = 232
[LOG] SystemI::createSoundInternal             : exinfo->length             = 2854432
[LOG] SystemI::createSoundInternal             : exinfo->fileoffset         = 35104
[LOG] SystemI::createSoundInternal             : exinfo->numsubsounds       = 1
[LOG] SystemI::createSoundInternal             : exinfo->inclusionlist      = 000000003D05FB38
[LOG] SystemI::createSoundInternal             : exinfo->inclusionlistnum   = 1
[LOG] SystemI::createSoundInternal             : exinfo->suggestedsoundtype = 5
[LOG] SystemI::createSoundInternal             : exinfo->useropen           = 00007FFE93A25130
[LOG] SystemI::createSoundInternal             : exinfo->userclose          = 00007FFE93A25100
[LOG] SystemI::createSoundInternal             : exinfo->userread           = 00007FFE93A25200
[LOG] SystemI::createSoundInternal             : exinfo->userseek           = 00007FFE93A252B0
[LOG] SystemI::createSoundInternal             : exinfo->fileuserdata       = 0000000034436818
[LOG] SystemI::createSoundInternal             : exinfo->initialseekpostype = 1
[LOG] SystemI::createSoundInternal             : Format has 1 subsounds.
[LOG] SystemI::createSoundInternal             : Create as FMOD_CREATESAMPLE
[LOG] SystemI::createSoundInternal             : Multi-sample sound (1 subsounds), create a sample container.
[LOG] SystemI::createSoundInternal             : creating subsound 0/1
[LOG] SystemI::createSample                    : mode 02000202 length 12000 samples, lengthbytes 3104
[LOG] SystemI::createSample                    : channels = 2
[LOG] SystemI::createSample                    : output = 000000000043A868
[LOG] OutputSoftware::createSample             : lengthpcm 12000, lengthbytes 3104, channels 2, format 2, freq 48000, mode 0200020a
[LOG] SystemI::createSoundInternal             : No name found in file, use filename.
[LOG] SystemI::createSoundInternal             : done.  OpenState now = FMOD_OPENSTATE_READY.

[LOG] SystemI::createSoundInternal             : filename =  : mode 02000202
[LOG] SystemI::createSoundInternal             : exinfo->cbsize             = 232
[LOG] SystemI::createSoundInternal             : exinfo->length             = 2854432
[LOG] SystemI::createSoundInternal             : exinfo->fileoffset         = 35104
[LOG] SystemI::createSoundInternal             : exinfo->numsubsounds       = 1
[LOG] SystemI::createSoundInternal             : exinfo->inclusionlist      = 000000003D05FB38
[LOG] SystemI::createSoundInternal             : exinfo->inclusionlistnum   = 1
[LOG] SystemI::createSoundInternal             : exinfo->suggestedsoundtype = 5
[LOG] SystemI::createSoundInternal             : exinfo->useropen           = 00007FFE93A25130
[LOG] SystemI::createSoundInternal             : exinfo->userclose          = 00007FFE93A25100
[LOG] SystemI::createSoundInternal             : exinfo->userread           = 00007FFE93A25200
[LOG] SystemI::createSoundInternal             : exinfo->userseek           = 00007FFE93A252B0
[LOG] SystemI::createSoundInternal             : exinfo->fileuserdata       = 0000000034436818
[LOG] SystemI::createSoundInternal             : exinfo->initialseekpostype = 1
[LOG] SystemI::createSoundInternal             : Format has 1 subsounds.
[LOG] SystemI::createSoundInternal             : Create as FMOD_CREATESAMPLE
[LOG] SystemI::createSoundInternal             : Multi-sample sound (1 subsounds), create a sample container.
[LOG] SystemI::createSoundInternal             : creating subsound 0/1
[LOG] SystemI::createSample                    : mode 02000202 length 116160 samples, lengthbytes 29760
[LOG] SystemI::createSample                    : channels = 2
[LOG] SystemI::createSample                    : output = 000000000043A868
[LOG] OutputSoftware::createSample             : lengthpcm 116160, lengthbytes 29760, channels 2, format 2, freq 48000, mode 0200020a
[LOG] SystemI::createSoundInternal             : No name found in file, use filename.
[LOG] SystemI::createSoundInternal             : done.  OpenState now = FMOD_OPENSTATE_READY.

[LOG] SystemI::createSoundInternal             : filename =  : mode 02000202
[LOG] SystemI::createSoundInternal             : exinfo->cbsize             = 232
[LOG] SystemI::createSoundInternal             : exinfo->length             = 2854432
[LOG] SystemI::createSoundInternal             : exinfo->fileoffset         = 35104
[LOG] SystemI::createSoundInternal             : exinfo->numsubsounds       = 1
[LOG] SystemI::createSoundInternal             : exinfo->inclusionlist      = 000000003D05FB38
[LOG] SystemI::createSoundInternal             : exinfo->inclusionlistnum   = 1
[LOG] SystemI::createSoundInternal             : exinfo->suggestedsoundtype = 5
[LOG] SystemI::createSoundInternal             : exinfo->useropen           = 00007FFE93A25130
[LOG] SystemI::createSoundInternal             : exinfo->userclose          = 00007FFE93A25100
[LOG] SystemI::createSoundInternal             : exinfo->userread           = 00007FFE93A25200
[LOG] SystemI::createSoundInternal             : exinfo->userseek           = 00007FFE93A252B0
[LOG] SystemI::createSoundInternal             : exinfo->fileuserdata       = 0000000034436818
[LOG] SystemI::createSoundInternal             : exinfo->initialseekpostype = 1
[LOG] SystemI::createSoundInternal             : Format has 1 subsounds.
[LOG] SystemI::createSoundInternal             : Create as FMOD_CREATESAMPLE
[LOG] SystemI::createSoundInternal             : Multi-sample sound (1 subsounds), create a sample container.
[LOG] SystemI::createSoundInternal             : creating subsound 0/1
[LOG] SystemI::createSample                    : mode 02000202 length 13440 samples, lengthbytes 2976
[LOG] SystemI::createSample                    : channels = 2
[LOG] SystemI::createSample                    : output = 000000000043A868
[LOG] OutputSoftware::createSample             : lengthpcm 13440, lengthbytes 2976, channels 2, format 2, freq 48000, mode 0200020a
[LOG] SystemI::createSoundInternal             : No name found in file, use filename.
[LOG] SystemI::createSoundInternal             : done.  OpenState now = FMOD_OPENSTATE_READY.

[LOG] SystemI::createSoundInternal             : filename =  : mode 02000202
[LOG] SystemI::createSoundInternal             : exinfo->cbsize             = 232
[LOG] SystemI::createSoundInternal             : exinfo->length             = 2854432
[LOG] SystemI::createSoundInternal             : exinfo->fileoffset         = 35104
[LOG] SystemI::createSoundInternal             : exinfo->numsubsounds       = 1
[LOG] SystemI::createSoundInternal             : exinfo->inclusionlist      = 000000003D05FB38
[LOG] SystemI::createSoundInternal             : exinfo->inclusionlistnum   = 1
[LOG] SystemI::createSoundInternal             : exinfo->suggestedsoundtype = 5
[LOG] SystemI::createSoundInternal             : exinfo->useropen           = 00007FFE93A25130
[LOG] SystemI::createSoundInternal             : exinfo->userclose          = 00007FFE93A25100
[LOG] SystemI::createSoundInternal             : exinfo->userread           = 00007FFE93A25200
[LOG] SystemI::createSoundInternal             : exinfo->userseek           = 00007FFE93A252B0
[LOG] SystemI::createSoundInternal             : exinfo->fileuserdata       = 0000000034436818
[LOG] SystemI::createSoundInternal             : exinfo->initialseekpostype = 1
[LOG] SystemI::createSoundInternal             : Format has 1 subsounds.
[LOG] SystemI::createSoundInternal             : Create as FMOD_CREATESAMPLE
[LOG] SystemI::createSoundInternal             : Multi-sample sound (1 subsounds), create a sample container.
[LOG] SystemI::createSoundInternal             : creating subsound 0/1
[LOG] SystemI::createSample                    : mode 02000202 length 24960 samples, lengthbytes 5184
[LOG] SystemI::createSample                    : channels = 2
[LOG] SystemI::createSample                    : output = 000000000043A868
[LOG] OutputSoftware::createSample             : lengthpcm 24960, lengthbytes 5184, channels 2, format 2, freq 48000, mode 0200020a
[LOG] SystemI::createSoundInternal             : No name found in file, use filename.
[LOG] SystemI::createSoundInternal             : done.  OpenState now = FMOD_OPENSTATE_READY.

[LOG] SystemI::createSoundInternal             : filename =  : mode 02000202
[LOG] SystemI::createSoundInternal             : exinfo->cbsize             = 232
[LOG] SystemI::createSoundInternal             : exinfo->length             = 2854432
[LOG] SystemI::createSoundInternal             : exinfo->fileoffset         = 35104
[LOG] SystemI::createSoundInternal             : exinfo->numsubsounds       = 1
[LOG] SystemI::createSoundInternal             : exinfo->inclusionlist      = 000000003D05FB38
[LOG] SystemI::createSoundInternal             : exinfo->inclusionlistnum   = 1
[LOG] SystemI::createSoundInternal             : exinfo->suggestedsoundtype = 5
[LOG] SystemI::createSoundInternal             : exinfo->useropen           = 00007FFE93A25130
[LOG] SystemI::createSoundInternal             : exinfo->userclose          = 00007FFE93A25100
[LOG] SystemI::createSoundInternal             : exinfo->userread           = 00007FFE93A25200
[LOG] SystemI::createSoundInternal             : exinfo->userseek           = 00007FFE93A252B0
[LOG] SystemI::createSoundInternal             : exinfo->fileuserdata       = 0000000034436818
[LOG] SystemI::createSoundInternal             : exinfo->initialseekpostype = 1
[LOG] SystemI::createSoundInternal             : Format has 1 subsounds.
[LOG] SystemI::createSoundInternal             : Create as FMOD_CREATESAMPLE
[LOG] SystemI::createSoundInternal             : Multi-sample sound (1 subsounds), create a sample container.
[LOG] SystemI::createSoundInternal             : creating subsound 0/1
[LOG] SystemI::createSample                    : mode 02000202 length 28320 samples, lengthbytes 5184
[LOG] SystemI::createSample                    : channels = 1
[LOG] SystemI::createSample                    : output = 000000000043A868
[LOG] OutputSoftware::createSample             : lengthpcm 28320, lengthbytes 5184, channels 1, format 2, freq 48000, mode 0200020a
[LOG] SystemI::createSoundInternal             : No name found in file, use filename.
[LOG] SystemI::createSoundInternal             : done.  OpenState now = FMOD_OPENSTATE_READY.

[LOG] SystemI::createSoundInternal             : filename =  : mode 02000202
[LOG] SystemI::createSoundInternal             : exinfo->cbsize             = 232
[LOG] SystemI::createSoundInternal             : exinfo->length             = 2854432
[LOG] SystemI::createSoundInternal             : exinfo->fileoffset         = 35104
[LOG] SystemI::createSoundInternal             : exinfo->numsubsounds       = 1
[LOG] SystemI::createSoundInternal             : exinfo->inclusionlist      = 000000003D05FB38
[LOG] SystemI::createSoundInternal             : exinfo->inclusionlistnum   = 1
[LOG] SystemI::createSoundInternal             : exinfo->suggestedsoundtype = 5
[LOG] SystemI::createSoundInternal             : exinfo->useropen           = 00007FFE93A25130
[LOG] SystemI::createSoundInternal             : exinfo->userclose          = 00007FFE93A25100
[LOG] SystemI::createSoundInternal             : exinfo->userread           = 00007FFE93A25200
[LOG] SystemI::createSoundInternal             : exinfo->userseek           = 00007FFE93A252B0
[LOG] SystemI::createSoundInternal             : exinfo->fileuserdata       = 0000000034436818
[LOG] SystemI::createSoundInternal             : exinfo->initialseekpostype = 1
[LOG] SystemI::createSoundInternal             : Format has 1 subsounds.
[LOG] SystemI::createSoundInternal             : Create as FMOD_CREATESAMPLE
[LOG] SystemI::createSoundInternal             : Multi-sample sound (1 subsounds), create a sample container.
[LOG] SystemI::createSoundInternal             : creating subsound 0/1
[LOG] SystemI::createSample                    : mode 02000202 length 135360 samples, lengthbytes 29856
[LOG] SystemI::createSample                    : channels = 2
[LOG] SystemI::createSample                    : output = 000000000043A868
[LOG] OutputSoftware::createSample             : lengthpcm 135360, lengthbytes 29856, channels 2, format 2, freq 48000, mode 0200020a
[LOG] SystemI::createSoundInternal             : No name found in file, use filename.
[LOG] SystemI::createSoundInternal             : done.  OpenState now = FMOD_OPENSTATE_READY.

[LOG] SystemI::createSoundInternal             : filename =  : mode 02000202
[LOG] SystemI::createSoundInternal             : exinfo->cbsize             = 232
[LOG] SystemI::createSoundInternal             : exinfo->length             = 2854432
[LOG] SystemI::createSoundInternal             : exinfo->fileoffset         = 35104
[LOG] SystemI::createSoundInternal             : exinfo->numsubsounds       = 1
[LOG] SystemI::createSoundInternal             : exinfo->inclusionlist      = 000000003D05FB38
[LOG] SystemI::createSoundInternal             : exinfo->inclusionlistnum   = 1
[LOG] SystemI::createSoundInternal             : exinfo->suggestedsoundtype = 5
[LOG] SystemI::createSoundInternal             : exinfo->useropen           = 00007FFE93A25130
[LOG] SystemI::createSoundInternal             : exinfo->userclose          = 00007FFE93A25100
[LOG] SystemI::createSoundInternal             : exinfo->userread           = 00007FFE93A25200
[LOG] SystemI::createSoundInternal             : exinfo->userseek           = 00007FFE93A252B0
[LOG] SystemI::createSoundInternal             : exinfo->fileuserdata       = 0000000034436818
[LOG] SystemI::createSoundInternal             : exinfo->initialseekpostype = 1
[LOG] SystemI::createSoundInternal             : Format has 1 subsounds.
[LOG] SystemI::createSoundInternal             : Create as FMOD_CREATESAMPLE
[LOG] SystemI::createSoundInternal             : Multi-sample sound (1 subsounds), create a sample container.
[LOG] SystemI::createSoundInternal             : creating subsound 0/1
[LOG] SystemI::createSample                    : mode 02000202 length 30240 samples, lengthbytes 6176
[LOG] SystemI::createSample                    : channels = 1
[LOG] SystemI::createSample                    : output = 000000000043A868
[LOG] OutputSoftware::createSample             : lengthpcm 30240, lengthbytes 6176, channels 1, format 2, freq 48000, mode 0200020a
[LOG] SystemI::createSoundInternal             : No name found in file, use filename.
[LOG] SystemI::createSoundInternal             : done.  OpenState now = FMOD_OPENSTATE_READY.

[LOG] SystemI::createSoundInternal             : filename =  : mode 02000202
[LOG] SystemI::createSoundInternal             : exinfo->cbsize             = 232
[LOG] SystemI::createSoundInternal             : exinfo->length             = 2854432
[LOG] SystemI::createSoundInternal             : exinfo->fileoffset         = 35104
[LOG] SystemI::createSoundInternal             : exinfo->numsubsounds       = 1
[LOG] SystemI::createSoundInternal             : exinfo->inclusionlist      = 000000003D05FB38
[LOG] SystemI::createSoundInternal             : exinfo->inclusionlistnum   = 1
[LOG] SystemI::createSoundInternal             : exinfo->suggestedsoundtype = 5
[LOG] SystemI::createSoundInternal             : exinfo->useropen           = 00007FFE93A25130
[LOG] SystemI::createSoundInternal             : exinfo->userclose          = 00007FFE93A25100
[LOG] SystemI::createSoundInternal             : exinfo->userread           = 00007FFE93A25200
[LOG] SystemI::createSoundInternal             : exinfo->userseek           = 00007FFE93A252B0
[LOG] SystemI::createSoundInternal             : exinfo->fileuserdata       = 0000000034436818
[LOG] SystemI::createSoundInternal             : exinfo->initialseekpostype = 1
[LOG] SystemI::createSoundInternal             : Format has 1 subsounds.
[LOG] SystemI::createSoundInternal             : Create as FMOD_CREATESAMPLE
[LOG] SystemI::createSoundInternal             : Multi-sample sound (1 subsounds), create a sample container.
[LOG] SystemI::createSoundInternal             : creating subsound 0/1
[LOG] SystemI::createSample                    : mode 02000202 length 29280 samples, lengthbytes 5504
[LOG] SystemI::createSample                    : channels = 1
[LOG] SystemI::createSample                    : output = 000000000043A868
[LOG] OutputSoftware::createSample             : lengthpcm 29280, lengthbytes 5504, channels 1, format 2, freq 48000, mode 0200020a
[LOG] SystemI::createSoundInternal             : No name found in file, use filename.
[LOG] SystemI::createSoundInternal             : done.  OpenState now = FMOD_OPENSTATE_READY.

[LOG] SystemI::createSoundInternal             : filename =  : mode 02000202
[LOG] SystemI::createSoundInternal             : exinfo->cbsize             = 232
[LOG] SystemI::createSoundInternal             : exinfo->length             = 2854432
[LOG] SystemI::createSoundInternal             : exinfo->fileoffset         = 35104
[LOG] SystemI::createSoundInternal             : exinfo->numsubsounds       = 1
[LOG] SystemI::createSoundInternal             : exinfo->inclusionlist      = 000000003D05FB38
[LOG] SystemI::createSoundInternal             : exinfo->inclusionlistnum   = 1
[LOG] SystemI::createSoundInternal             : exinfo->suggestedsoundtype = 5
[LOG] SystemI::createSoundInternal             : exinfo->useropen           = 00007FFE93A25130
[LOG] SystemI::createSoundInternal             : exinfo->userclose          = 00007FFE93A25100
[LOG] SystemI::createSoundInternal             : exinfo->userread           = 00007FFE93A25200
[LOG] SystemI::createSoundInternal             : exinfo->userseek           = 00007FFE93A252B0
[LOG] SystemI::createSoundInternal             : exinfo->fileuserdata       = 0000000034436818
[LOG] SystemI::createSoundInternal             : exinfo->initialseekpostype = 1
[LOG] SystemI::createSoundInternal             : Format has 1 subsounds.
[LOG] SystemI::createSoundInternal             : Create as FMOD_CREATESAMPLE
[LOG] SystemI::createSoundInternal             : Multi-sample sound (1 subsounds), create a sample container.
[LOG] SystemI::createSoundInternal             : creating subsound 0/1
[LOG] SystemI::createSample                    : mode 02000202 length 11520 samples, lengthbytes 2752
[LOG] SystemI::createSample                    : channels = 2
[LOG] SystemI::createSample                    : output = 000000000043A868
[LOG] OutputSoftware::createSample             : lengthpcm 11520, lengthbytes 2752, channels 2, format 2, freq 48000, mode 0200020a
[LOG] SystemI::createSoundInternal             : No name found in file, use filename.
[LOG] SystemI::createSoundInternal             : done.  OpenState now = FMOD_OPENSTATE_READY.

[LOG] SystemI::createSoundInternal             : filename =  : mode 02000202
[LOG] SystemI::createSoundInternal             : exinfo->cbsize             = 232
[LOG] SystemI::createSoundInternal             : exinfo->length             = 2854432
[LOG] SystemI::createSoundInternal             : exinfo->fileoffset         = 35104
[LOG] SystemI::createSoundInternal             : exinfo->numsubsounds       = 1
[LOG] SystemI::createSoundInternal             : exinfo->inclusionlist      = 000000003D05FB38
[LOG] SystemI::createSoundInternal             : exinfo->inclusionlistnum   = 1
[LOG] SystemI::createSoundInternal             : exinfo->suggestedsoundtype = 5
[LOG] SystemI::createSoundInternal             : exinfo->useropen           = 00007FFE93A25130
[LOG] SystemI::createSoundInternal             : exinfo->userclose          = 00007FFE93A25100
[LOG] SystemI::createSoundInternal             : exinfo->userread           = 00007FFE93A25200
[LOG] SystemI::createSoundInternal             : exinfo->userseek           = 00007FFE93A252B0
[LOG] SystemI::createSoundInternal             : exinfo->fileuserdata       = 0000000034436818
[LOG] SystemI::createSoundInternal             : exinfo->initialseekpostype = 1
[LOG] SystemI::createSoundInternal             : Format has 1 subsounds.
[LOG] SystemI::createSoundInternal             : Create as FMOD_CREATESAMPLE
[LOG] SystemI::createSoundInternal             : Multi-sample sound (1 subsounds), create a sample container.
[LOG] SystemI::createSoundInternal             : creating subsound 0/1
[LOG] SystemI::createSample                    : mode 02000202 length 106560 samples, lengthbytes 22944
[LOG] SystemI::createSample                    : channels = 2
[LOG] SystemI::createSample                    : output = 000000000043A868
[LOG] OutputSoftware::createSample             : lengthpcm 106560, lengthbytes 22944, channels 2, format 2, freq 48000, mode 0200020a
[LOG] SystemI::createSoundInternal             : No name found in file, use filename.
[LOG] SystemI::createSoundInternal             : done.  OpenState now = FMOD_OPENSTATE_READY.

[LOG] SystemI::createSoundInternal             : filename =  : mode 02000202
[LOG] SystemI::createSoundInternal             : exinfo->cbsize             = 232
[LOG] SystemI::createSoundInternal             : exinfo->length             = 2854432
[LOG] SystemI::createSoundInternal             : exinfo->fileoffset         = 35104
[LOG] SystemI::createSoundInternal             : exinfo->numsubsounds       = 1
[LOG] SystemI::createSoundInternal             : exinfo->inclusionlist      = 000000003D05FB38
[LOG] SystemI::createSoundInternal             : exinfo->inclusionlistnum   = 1
[LOG] SystemI::createSoundInternal             : exinfo->suggestedsoundtype = 5
[LOG] SystemI::createSoundInternal             : exinfo->useropen           = 00007FFE93A25130
[LOG] SystemI::createSoundInternal             : exinfo->userclose          = 00007FFE93A25100
[LOG] SystemI::createSoundInternal             : exinfo->userread           = 00007FFE93A25200
[LOG] SystemI::createSoundInternal             : exinfo->userseek           = 00007FFE93A252B0
[LOG] SystemI::createSoundInternal             : exinfo->fileuserdata       = 0000000034436818
[LOG] SystemI::createSoundInternal             : exinfo->initialseekpostype = 1
[LOG] SystemI::createSoundInternal             : Format has 1 subsounds.
[LOG] SystemI::createSoundInternal             : Create as FMOD_CREATESAMPLE
[LOG] SystemI::createSoundInternal             : Multi-sample sound (1 subsounds), create a sample container.
[LOG] SystemI::createSoundInternal             : creating subsound 0/1
[LOG] SystemI::createSample                    : mode 02000202 length 112800 samples, lengthbytes 22080
[LOG] SystemI::createSample                    : channels = 2
[LOG] SystemI::createSample                    : output = 000000000043A868
[LOG] OutputSoftware::createSample             : lengthpcm 112800, lengthbytes 22080, channels 2, format 2, freq 48000, mode 0200020a
[LOG] SystemI::createSoundInternal             : No name found in file, use filename.
[LOG] SystemI::createSoundInternal             : done.  OpenState now = FMOD_OPENSTATE_READY.

[LOG] SystemI::createSoundInternal             : filename =  : mode 02000202
[LOG] SystemI::createSoundInternal             : exinfo->cbsize             = 232
[LOG] SystemI::createSoundInternal             : exinfo->length             = 2854432
[LOG] SystemI::createSoundInternal             : exinfo->fileoffset         = 35104
[LOG] SystemI::createSoundInternal             : exinfo->numsubsounds       = 1
[LOG] SystemI::createSoundInternal             : exinfo->inclusionlist      = 000000003D05FB38
[LOG] SystemI::createSoundInternal             : exinfo->inclusionlistnum   = 1
[LOG] SystemI::createSoundInternal             : exinfo->suggestedsoundtype = 5
[LOG] SystemI::createSoundInternal             : exinfo->useropen           = 00007FFE93A25130
[LOG] SystemI::createSoundInternal             : exinfo->userclose          = 00007FFE93A25100
[LOG] SystemI::createSoundInternal             : exinfo->userread           = 00007FFE93A25200
[LOG] SystemI::createSoundInternal             : exinfo->userseek           = 00007FFE93A252B0
[LOG] SystemI::createSoundInternal             : exinfo->fileuserdata       = 0000000034436818
[LOG] SystemI::createSoundInternal             : exinfo->initialseekpostype = 1
[LOG] SystemI::createSoundInternal             : Format has 1 subsounds.
[LOG] SystemI::createSoundInternal             : Create as FMOD_CREATESAMPLE
[LOG] SystemI::createSoundInternal             : Multi-sample sound (1 subsounds), create a sample container.
[LOG] SystemI::createSoundInternal             : creating subsound 0/1
[LOG] SystemI::createSample                    : mode 02000202 length 33600 samples, lengthbytes 6272
[LOG] SystemI::createSample                    : channels = 1
[LOG] SystemI::createSample                    : output = 000000000043A868
[LOG] OutputSoftware::createSample             : lengthpcm 33600, lengthbytes 6272, channels 1, format 2, freq 48000, mode 0200020a
[LOG] SystemI::createSoundInternal             : No name found in file, use filename.
[LOG] SystemI::createSoundInternal             : done.  OpenState now = FMOD_OPENSTATE_READY.

[LOG] SystemI::createSoundInternal             : filename =  : mode 02000202
[LOG] SystemI::createSoundInternal             : exinfo->cbsize             = 232
[LOG] SystemI::createSoundInternal             : exinfo->length             = 2854432
[LOG] SystemI::createSoundInternal             : exinfo->fileoffset         = 35104
[LOG] SystemI::createSoundInternal             : exinfo->numsubsounds       = 1
[LOG] SystemI::createSoundInternal             : exinfo->inclusionlist      = 000000003D05FB38
[LOG] SystemI::createSoundInternal             : exinfo->inclusionlistnum   = 1
[LOG] SystemI::createSoundInternal             : exinfo->suggestedsoundtype = 5
[LOG] SystemI::createSoundInternal             : exinfo->useropen           = 00007FFE93A25130
[LOG] SystemI::createSoundInternal             : exinfo->userclose          = 00007FFE93A25100
[LOG] SystemI::createSoundInternal             : exinfo->userread           = 00007FFE93A25200
[LOG] SystemI::createSoundInternal             : exinfo->userseek           = 00007FFE93A252B0
[LOG] SystemI::createSoundInternal             : exinfo->fileuserdata       = 0000000034436818
[LOG] SystemI::createSoundInternal             : exinfo->initialseekpostype = 1
[LOG] SystemI::createSoundInternal             : Format has 1 subsounds.
[LOG] SystemI::createSoundInternal             : Create as FMOD_CREATESAMPLE
[LOG] SystemI::createSoundInternal             : Multi-sample sound (1 subsounds), create a sample container.
[LOG] SystemI::createSoundInternal             : creating subsound 0/1
[LOG] SystemI::createSample                    : mode 02000202 length 46560 samples, lengthbytes 9792
[LOG] SystemI::createSample                    : channels = 2
[LOG] SystemI::createSample                    : output = 000000000043A868
[LOG] OutputSoftware::createSample             : lengthpcm 46560, lengthbytes 9792, channels 2, format 2, freq 48000, mode 0200020a
[LOG] SystemI::createSoundInternal             : No name found in file, use filename.
[LOG] SystemI::createSoundInternal             : done.  OpenState now = FMOD_OPENSTATE_READY.

[LOG] SystemI::createSoundInternal             : filename =  : mode 02000202
[LOG] SystemI::createSoundInternal             : exinfo->cbsize             = 232
[LOG] SystemI::createSoundInternal             : exinfo->length             = 2854432
[LOG] SystemI::createSoundInternal             : exinfo->fileoffset         = 35104
[LOG] SystemI::createSoundInternal             : exinfo->numsubsounds       = 1
[LOG] SystemI::createSoundInternal             : exinfo->inclusionlist      = 000000003D05FB38
[LOG] SystemI::createSoundInternal             : exinfo->inclusionlistnum   = 1
[LOG] SystemI::createSoundInternal             : exinfo->suggestedsoundtype = 5
[LOG] SystemI::createSoundInternal             : exinfo->useropen           = 00007FFE93A25130
[LOG] SystemI::createSoundInternal             : exinfo->userclose          = 00007FFE93A25100
[LOG] SystemI::createSoundInternal             : exinfo->userread           = 00007FFE93A25200
[LOG] SystemI::createSoundInternal             : exinfo->userseek           = 00007FFE93A252B0
[LOG] SystemI::createSoundInternal             : exinfo->fileuserdata       = 0000000034436818
[LOG] SystemI::createSoundInternal             : exinfo->initialseekpostype = 1
[LOG] SystemI::createSoundInternal             : Format has 1 subsounds.
[LOG] SystemI::createSoundInternal             : Create as FMOD_CREATESAMPLE
[LOG] SystemI::createSoundInternal             : Multi-sample sound (1 subsounds), create a sample container.
[LOG] SystemI::createSoundInternal             : creating subsound 0/1
[LOG] SystemI::createSample                    : mode 02000202 length 23040 samples, lengthbytes 4512
[LOG] SystemI::createSample                    : channels = 1
[LOG] SystemI::createSample                    : output = 000000000043A868
[LOG] OutputSoftware::createSample             : lengthpcm 23040, lengthbytes 4512, channels 1, format 2, freq 48000, mode 0200020a
[LOG] SystemI::createSoundInternal             : No name found in file, use filename.
[LOG] SystemI::createSoundInternal             : done.  OpenState now = FMOD_OPENSTATE_READY.

[LOG] SystemI::createSoundInternal             : filename =  : mode 02000202
[LOG] SystemI::createSoundInternal             : exinfo->cbsize             = 232
[LOG] SystemI::createSoundInternal             : exinfo->length             = 2854432
[LOG] SystemI::createSoundInternal             : exinfo->fileoffset         = 35104
[LOG] SystemI::createSoundInternal             : exinfo->numsubsounds       = 1
[LOG] SystemI::createSoundInternal             : exinfo->inclusionlist      = 000000003D05FB38
[LOG] SystemI::createSoundInternal             : exinfo->inclusionlistnum   = 1
[LOG] SystemI::createSoundInternal             : exinfo->suggestedsoundtype = 5
[LOG] SystemI::createSoundInternal             : exinfo->useropen           = 00007FFE93A25130
[LOG] SystemI::createSoundInternal             : exinfo->userclose          = 00007FFE93A25100
[LOG] SystemI::createSoundInternal             : exinfo->userread           = 00007FFE93A25200
[LOG] SystemI::createSoundInternal             : exinfo->userseek           = 00007FFE93A252B0
[LOG] SystemI::createSoundInternal             : exinfo->fileuserdata       = 0000000034436818
[LOG] SystemI::createSoundInternal             : exinfo->initialseekpostype = 1
[LOG] SystemI::createSoundInternal             : Format has 1 subsounds.
[LOG] SystemI::createSoundInternal             : Create as FMOD_CREATESAMPLE
[LOG] SystemI::createSoundInternal             : Multi-sample sound (1 subsounds), create a sample container.
[LOG] SystemI::createSoundInternal             : creating subsound 0/1
[LOG] SystemI::createSample                    : mode 02000202 length 134880 samples, lengthbytes 24448
[LOG] SystemI::createSample                    : channels = 2
[LOG] SystemI::createSample                    : output = 000000000043A868
[LOG] OutputSoftware::createSample             : lengthpcm 134880, lengthbytes 24448, channels 2, format 2, freq 48000, mode 0200020a
[LOG] SystemI::createSoundInternal             : No name found in file, use filename.
[LOG] SystemI::createSoundInternal             : done.  OpenState now = FMOD_OPENSTATE_READY.

[LOG] SystemI::createSoundInternal             : filename =  : mode 02000202
[LOG] SystemI::createSoundInternal             : exinfo->cbsize             = 232
[LOG] SystemI::createSoundInternal             : exinfo->length             = 2854432
[LOG] SystemI::createSoundInternal             : exinfo->fileoffset         = 35104
[LOG] SystemI::createSoundInternal             : exinfo->numsubsounds       = 1
[LOG] SystemI::createSoundInternal             : exinfo->inclusionlist      = 000000003D05FB38
[LOG] SystemI::createSoundInternal             : exinfo->inclusionlistnum   = 1
[LOG] SystemI::createSoundInternal             : exinfo->suggestedsoundtype = 5
[LOG] SystemI::createSoundInternal             : exinfo->useropen           = 00007FFE93A25130
[LOG] SystemI::createSoundInternal             : exinfo->userclose          = 00007FFE93A25100
[LOG] SystemI::createSoundInternal             : exinfo->userread           = 00007FFE93A25200
[LOG] SystemI::createSoundInternal             : exinfo->userseek           = 00007FFE93A252B0
[LOG] SystemI::createSoundInternal             : exinfo->fileuserdata       = 0000000034436818
[LOG] SystemI::createSoundInternal             : exinfo->initialseekpostype = 1
[LOG] SystemI::createSoundInternal             : Format has 1 subsounds.
[LOG] SystemI::createSoundInternal             : Create as FMOD_CREATESAMPLE
[LOG] SystemI::createSoundInternal             : Multi-sample sound (1 subsounds), create a sample container.
[LOG] SystemI::createSoundInternal             : creating subsound 0/1
[LOG] SystemI::createSample                    : mode 02000202 length 38400 samples, lengthbytes 8640
[LOG] SystemI::createSample                    : channels = 2
[LOG] SystemI::createSample                    : output = 000000000043A868
[LOG] OutputSoftware::createSample             : lengthpcm 38400, lengthbytes 8640, channels 2, format 2, freq 48000, mode 0200020a
[LOG] SystemI::createSoundInternal             : No name found in file, use filename.
[LOG] SystemI::createSoundInternal             : done.  OpenState now = FMOD_OPENSTATE_READY.

[LOG] SystemI::createSoundInternal             : filename =  : mode 02000202
[LOG] SystemI::createSoundInternal             : exinfo->cbsize             = 232
[LOG] SystemI::createSoundInternal             : exinfo->length             = 2854432
[LOG] SystemI::createSoundInternal             : exinfo->fileoffset         = 35104
[LOG] SystemI::createSoundInternal             : exinfo->numsubsounds       = 1
[LOG] SystemI::createSoundInternal             : exinfo->inclusionlist      = 000000003D05FB38
[LOG] SystemI::createSoundInternal             : exinfo->inclusionlistnum   = 1
[LOG] SystemI::createSoundInternal             : exinfo->suggestedsoundtype = 5
[LOG] SystemI::createSoundInternal             : exinfo->useropen           = 00007FFE93A25130
[LOG] SystemI::createSoundInternal             : exinfo->userclose          = 00007FFE93A25100
[LOG] SystemI::createSoundInternal             : exinfo->userread           = 00007FFE93A25200
[LOG] SystemI::createSoundInternal             : exinfo->userseek           = 00007FFE93A252B0
[LOG] SystemI::createSoundInternal             : exinfo->fileuserdata       = 0000000034436818
[LOG] SystemI::createSoundInternal             : exinfo->initialseekpostype = 1
[LOG] SystemI::createSoundInternal             : Format has 1 subsounds.
[LOG] SystemI::createSoundInternal             : Create as FMOD_CREATESAMPLE
[LOG] SystemI::createSoundInternal             : Multi-sample sound (1 subsounds), create a sample container.
[LOG] SystemI::createSoundInternal             : creating subsound 0/1
[LOG] SystemI::createSample                    : mode 02000202 length 7680 samples, lengthbytes 2112
[LOG] SystemI::createSample                    : channels = 2
[LOG] SystemI::createSample                    : output = 000000000043A868
[LOG] OutputSoftware::createSample             : lengthpcm 7680, lengthbytes 2112, channels 2, format 2, freq 48000, mode 0200020a
[LOG] SystemI::createSoundInternal             : No name found in file, use filename.
[LOG] SystemI::createSoundInternal             : done.  OpenState now = FMOD_OPENSTATE_READY.

[LOG] SystemI::createSoundInternal             : filename =  : mode 02000202
[LOG] SystemI::createSoundInternal             : exinfo->cbsize             = 232
[LOG] SystemI::createSoundInternal             : exinfo->length             = 2854432
[LOG] SystemI::createSoundInternal             : exinfo->fileoffset         = 35104
[LOG] SystemI::createSoundInternal             : exinfo->numsubsounds       = 1
[LOG] SystemI::createSoundInternal             : exinfo->inclusionlist      = 000000003D05FB38
[LOG] SystemI::createSoundInternal             : exinfo->inclusionlistnum   = 1
[LOG] SystemI::createSoundInternal             : exinfo->suggestedsoundtype = 5
[LOG] SystemI::createSoundInternal             : exinfo->useropen           = 00007FFE93A25130
[LOG] SystemI::createSoundInternal             : exinfo->userclose          = 00007FFE93A25100
[LOG] SystemI::createSoundInternal             : exinfo->userread           = 00007FFE93A25200
[LOG] SystemI::createSoundInternal             : exinfo->userseek           = 00007FFE93A252B0
[LOG] SystemI::createSoundInternal             : exinfo->fileuserdata       = 0000000034436818
[LOG] SystemI::createSoundInternal             : exinfo->initialseekpostype = 1
[LOG] SystemI::createSoundInternal             : Format has 1 subsounds.
[LOG] SystemI::createSoundInternal             : Create as FMOD_CREATESAMPLE
[LOG] SystemI::createSoundInternal             : Multi-sample sound (1 subsounds), create a sample container.
[LOG] SystemI::createSoundInternal             : creating subsound 0/1
[LOG] SystemI::createSample                    : mode 02000202 length 17760 samples, lengthbytes 4064
[LOG] SystemI::createSample                    : channels = 2
[LOG] SystemI::createSample                    : output = 000000000043A868
[LOG] OutputSoftware::createSample             : lengthpcm 17760, lengthbytes 4064, channels 2, format 2, freq 48000, mode 0200020a
[LOG] SystemI::createSoundInternal             : No name found in file, use filename.
[LOG] SystemI::createSoundInternal             : done.  OpenState now = FMOD_OPENSTATE_READY.

[LOG] SystemI::createSoundInternal             : filename =  : mode 02000202
[LOG] SystemI::createSoundInternal             : exinfo->cbsize             = 232
[LOG] SystemI::createSoundInternal             : exinfo->length             = 2854432
[LOG] SystemI::createSoundInternal             : exinfo->fileoffset         = 35104
[LOG] SystemI::createSoundInternal             : exinfo->numsubsounds       = 1
[LOG] SystemI::createSoundInternal             : exinfo->inclusionlist      = 000000003D05FB38
[LOG] SystemI::createSoundInternal             : exinfo->inclusionlistnum   = 1
[LOG] SystemI::createSoundInternal             : exinfo->suggestedsoundtype = 5
[LOG] SystemI::createSoundInternal             : exinfo->useropen           = 00007FFE93A25130
[LOG] SystemI::createSoundInternal             : exinfo->userclose          = 00007FFE93A25100
[LOG] SystemI::createSoundInternal             : exinfo->userread           = 00007FFE93A25200
[LOG] SystemI::createSoundInternal             : exinfo->userseek           = 00007FFE93A252B0
[LOG] SystemI::createSoundInternal             : exinfo->fileuserdata       = 0000000034436818
[LOG] SystemI::createSoundInternal             : exinfo->initialseekpostype = 1
[LOG] SystemI::createSoundInternal             : Format has 1 subsounds.
[LOG] SystemI::createSoundInternal             : Create as FMOD_CREATESAMPLE
[LOG] SystemI::createSoundInternal             : Multi-sample sound (1 subsounds), create a sample container.
[LOG] SystemI::createSoundInternal             : creating subsound 0/1
[LOG] SystemI::createSample                    : mode 02000202 length 44640 samples, lengthbytes 10336
[LOG] SystemI::createSample                    : channels = 2
[LOG] SystemI::createSample                    : output = 000000000043A868
[LOG] OutputSoftware::createSample             : lengthpcm 44640, lengthbytes 10336, channels 2, format 2, freq 48000, mode 0200020a
[LOG] SystemI::createSoundInternal             : No name found in file, use filename.
[LOG] SystemI::createSoundInternal             : done.  OpenState now = FMOD_OPENSTATE_READY.

[LOG] SystemI::createSoundInternal             : filename =  : mode 02000202
[LOG] SystemI::createSoundInternal             : exinfo->cbsize             = 232
[LOG] SystemI::createSoundInternal             : exinfo->length             = 2854432
[LOG] SystemI::createSoundInternal             : exinfo->fileoffset         = 35104
[LOG] SystemI::createSoundInternal             : exinfo->numsubsounds       = 1
[LOG] SystemI::createSoundInternal             : exinfo->inclusionlist      = 000000003D05FB38
[LOG] SystemI::createSoundInternal             : exinfo->inclusionlistnum   = 1
[LOG] SystemI::createSoundInternal             : exinfo->suggestedsoundtype = 5
[LOG] SystemI::createSoundInternal             : exinfo->useropen           = 00007FFE93A25130
[LOG] SystemI::createSoundInternal             : exinfo->userclose          = 00007FFE93A25100
[LOG] SystemI::createSoundInternal             : exinfo->userread           = 00007FFE93A25200
[LOG] SystemI::createSoundInternal             : exinfo->userseek           = 00007FFE93A252B0
[LOG] SystemI::createSoundInternal             : exinfo->fileuserdata       = 0000000034436818
[LOG] SystemI::createSoundInternal             : exinfo->initialseekpostype = 1
[LOG] SystemI::createSoundInternal             : Format has 1 subsounds.
[LOG] SystemI::createSoundInternal             : Create as FMOD_CREATESAMPLE
[LOG] SystemI::createSoundInternal             : Multi-sample sound (1 subsounds), create a sample container.
[LOG] SystemI::createSoundInternal             : creating subsound 0/1
[LOG] SystemI::createSample                    : mode 02000202 length 7680 samples, lengthbytes 2016
[LOG] SystemI::createSample                    : channels = 2
[LOG] SystemI::createSample                    : output = 000000000043A868
[LOG] OutputSoftware::createSample             : lengthpcm 7680, lengthbytes 2016, channels 2, format 2, freq 48000, mode 0200020a
[LOG] SystemI::createSoundInternal             : No name found in file, use filename.
[LOG] SystemI::createSoundInternal             : done.  OpenState now = FMOD_OPENSTATE_READY.

[LOG] SystemI::createSoundInternal             : filename =  : mode 02000202
[LOG] SystemI::createSoundInternal             : exinfo->cbsize             = 232
[LOG] SystemI::createSoundInternal             : exinfo->length             = 2854432
[LOG] SystemI::createSoundInternal             : exinfo->fileoffset         = 35104
[LOG] SystemI::createSoundInternal             : exinfo->numsubsounds       = 1
[LOG] SystemI::createSoundInternal             : exinfo->inclusionlist      = 000000003D05FB38
[LOG] SystemI::createSoundInternal             : exinfo->inclusionlistnum   = 1
[LOG] SystemI::createSoundInternal             : exinfo->suggestedsoundtype = 5
[LOG] SystemI::createSoundInternal             : exinfo->useropen           = 00007FFE93A25130
[LOG] SystemI::createSoundInternal             : exinfo->userclose          = 00007FFE93A25100
[LOG] SystemI::createSoundInternal             : exinfo->userread           = 00007FFE93A25200
[LOG] SystemI::createSoundInternal             : exinfo->userseek           = 00007FFE93A252B0
[LOG] SystemI::createSoundInternal             : exinfo->fileuserdata       = 0000000034436818
[LOG] SystemI::createSoundInternal             : exinfo->initialseekpostype = 1
[LOG] SystemI::createSoundInternal             : Format has 1 subsounds.
[LOG] SystemI::createSoundInternal             : Create as FMOD_CREATESAMPLE
[LOG] SystemI::createSoundInternal             : Multi-sample sound (1 subsounds), create a sample container.
[LOG] SystemI::createSoundInternal             : creating subsound 0/1
[LOG] SystemI::createSample                    : mode 02000202 length 26400 samples, lengthbytes 5024
[LOG] SystemI::createSample                    : channels = 1
[LOG] SystemI::createSample                    : output = 000000000043A868
[LOG] OutputSoftware::createSample             : lengthpcm 26400, lengthbytes 5024, channels 1, format 2, freq 48000, mode 0200020a
[LOG] SystemI::createSoundInternal             : No name found in file, use filename.
[LOG] SystemI::createSoundInternal             : done.  OpenState now = FMOD_OPENSTATE_READY.

[LOG] SystemI::createSoundInternal             : filename =  : mode 02000202
[LOG] SystemI::createSoundInternal             : exinfo->cbsize             = 232
[LOG] SystemI::createSoundInternal             : exinfo->length             = 2854432
[LOG] SystemI::createSoundInternal             : exinfo->fileoffset         = 35104
[LOG] SystemI::createSoundInternal             : exinfo->numsubsounds       = 1
[LOG] SystemI::createSoundInternal             : exinfo->inclusionlist      = 000000003D05FB38
[LOG] SystemI::createSoundInternal             : exinfo->inclusionlistnum   = 1
[LOG] SystemI::createSoundInternal             : exinfo->suggestedsoundtype = 5
[LOG] SystemI::createSoundInternal             : exinfo->useropen           = 00007FFE93A25130
[LOG] SystemI::createSoundInternal             : exinfo->userclose          = 00007FFE93A25100
[LOG] SystemI::createSoundInternal             : exinfo->userread           = 00007FFE93A25200
[LOG] SystemI::createSoundInternal             : exinfo->userseek           = 00007FFE93A252B0
[LOG] SystemI::createSoundInternal             : exinfo->fileuserdata       = 0000000034436818
[LOG] SystemI::createSoundInternal             : exinfo->initialseekpostype = 1
[LOG] SystemI::createSoundInternal             : Format has 1 subsounds.
[LOG] SystemI::createSoundInternal             : Create as FMOD_CREATESAMPLE
[LOG] SystemI::createSoundInternal             : Multi-sample sound (1 subsounds), create a sample container.
[LOG] SystemI::createSoundInternal             : creating subsound 0/1
[LOG] SystemI::createSample                    : mode 02000202 length 141600 samples, lengthbytes 30848
[LOG] SystemI::createSample                    : channels = 2
[LOG] SystemI::createSample                    : output = 000000000043A868
[LOG] OutputSoftware::createSample             : lengthpcm 141600, lengthbytes 30848, channels 2, format 2, freq 48000, mode 0200020a
[LOG] SystemI::createSoundInternal             : No name found in file, use filename.
[LOG] SystemI::createSoundInternal             : done.  OpenState now = FMOD_OPENSTATE_READY.

[LOG] SystemI::createSoundInternal             : filename =  : mode 02000202
[LOG] SystemI::createSoundInternal             : exinfo->cbsize             = 232
[LOG] SystemI::createSoundInternal             : exinfo->length             = 2854432
[LOG] SystemI::createSoundInternal             : exinfo->fileoffset         = 35104
[LOG] SystemI::createSoundInternal             : exinfo->numsubsounds       = 1
[LOG] SystemI::createSoundInternal             : exinfo->inclusionlist      = 000000003D05FB38
[LOG] SystemI::createSoundInternal             : exinfo->inclusionlistnum   = 1
[LOG] SystemI::createSoundInternal             : exinfo->suggestedsoundtype = 5
[LOG] SystemI::createSoundInternal             : exinfo->useropen           = 00007FFE93A25130
[LOG] SystemI::createSoundInternal             : exinfo->userclose          = 00007FFE93A25100
[LOG] SystemI::createSoundInternal             : exinfo->userread           = 00007FFE93A25200
[LOG] SystemI::createSoundInternal             : exinfo->userseek           = 00007FFE93A252B0
[LOG] SystemI::createSoundInternal             : exinfo->fileuserdata       = 0000000034436818
[LOG] SystemI::createSoundInternal             : exinfo->initialseekpostype = 1
[LOG] SystemI::createSoundInternal             : Format has 1 subsounds.
[LOG] SystemI::createSoundInternal             : Create as FMOD_CREATESAMPLE
[LOG] SystemI::createSoundInternal             : Multi-sample sound (1 subsounds), create a sample container.
[LOG] SystemI::createSoundInternal             : creating subsound 0/1
[LOG] SystemI::createSample                    : mode 02000202 length 171575 samples, lengthbytes 64736
[LOG] SystemI::createSample                    : channels = 2
[LOG] SystemI::createSample                    : output = 000000000043A868
[LOG] OutputSoftware::createSample             : lengthpcm 171575, lengthbytes 64736, channels 2, format 2, freq 48000, mode 0200020a
[LOG] SystemI::createSoundInternal             : No name found in file, use filename.
[LOG] SystemI::createSoundInternal             : done.  OpenState now = FMOD_OPENSTATE_READY.

[LOG] SystemI::createSoundInternal             : filename =  : mode 02000202
[LOG] SystemI::createSoundInternal             : exinfo->cbsize             = 232
[LOG] SystemI::createSoundInternal             : exinfo->length             = 2854432
[LOG] SystemI::createSoundInternal             : exinfo->fileoffset         = 35104
[LOG] SystemI::createSoundInternal             : exinfo->numsubsounds       = 1
[LOG] SystemI::createSoundInternal             : exinfo->inclusionlist      = 000000003D05FB38
[LOG] SystemI::createSoundInternal             : exinfo->inclusionlistnum   = 1
[LOG] SystemI::createSoundInternal             : exinfo->suggestedsoundtype = 5
[LOG] SystemI::createSoundInternal             : exinfo->useropen           = 00007FFE93A25130
[LOG] SystemI::createSoundInternal             : exinfo->userclose          = 00007FFE93A25100
[LOG] SystemI::createSoundInternal             : exinfo->userread           = 00007FFE93A25200
[LOG] SystemI::createSoundInternal             : exinfo->userseek           = 00007FFE93A252B0
[LOG] SystemI::createSoundInternal             : exinfo->fileuserdata       = 0000000034436818
[LOG] SystemI::createSoundInternal             : exinfo->initialseekpostype = 1
[LOG] SystemI::createSoundInternal             : Format has 1 subsounds.
[LOG] SystemI::createSoundInternal             : Create as FMOD_CREATESAMPLE
[LOG] SystemI::createSoundInternal             : Multi-sample sound (1 subsounds), create a sample container.
[LOG] SystemI::createSoundInternal             : creating subsound 0/1
[LOG] SystemI::createSample                    : mode 02000202 length 38400 samples, lengthbytes 8160
[LOG] SystemI::createSample                    : channels = 2
[LOG] SystemI::createSample                    : output = 000000000043A868
[LOG] OutputSoftware::createSample             : lengthpcm 38400, lengthbytes 8160, channels 2, format 2, freq 48000, mode 0200020a
[LOG] SystemI::createSoundInternal             : No name found in file, use filename.
[LOG] SystemI::createSoundInternal             : done.  OpenState now = FMOD_OPENSTATE_READY.

[LOG] SystemI::createSoundInternal             : filename =  : mode 02000202
[LOG] SystemI::createSoundInternal             : exinfo->cbsize             = 232
[LOG] SystemI::createSoundInternal             : exinfo->length             = 2854432
[LOG] SystemI::createSoundInternal             : exinfo->fileoffset         = 35104
[LOG] SystemI::createSoundInternal             : exinfo->numsubsounds       = 1
[LOG] SystemI::createSoundInternal             : exinfo->inclusionlist      = 000000003D05FB38
[LOG] SystemI::createSoundInternal             : exinfo->inclusionlistnum   = 1
[LOG] SystemI::createSoundInternal             : exinfo->suggestedsoundtype = 5
[LOG] SystemI::createSoundInternal             : exinfo->useropen           = 00007FFE93A25130
[LOG] SystemI::createSoundInternal             : exinfo->userclose          = 00007FFE93A25100
[LOG] SystemI::createSoundInternal             : exinfo->userread           = 00007FFE93A25200
[LOG] SystemI::createSoundInternal             : exinfo->userseek           = 00007FFE93A252B0
[LOG] SystemI::createSoundInternal             : exinfo->fileuserdata       = 0000000034436818
[LOG] SystemI::createSoundInternal             : exinfo->initialseekpostype = 1
[LOG] SystemI::createSoundInternal             : Format has 1 subsounds.
[LOG] SystemI::createSoundInternal             : Create as FMOD_CREATESAMPLE
[LOG] SystemI::createSoundInternal             : Multi-sample sound (1 subsounds), create a sample container.
[LOG] SystemI::createSoundInternal             : creating subsound 0/1
[LOG] SystemI::createSample                    : mode 02000202 length 158400 samples, lengthbytes 34304
[LOG] SystemI::createSample                    : channels = 2
[LOG] SystemI::createSample                    : output = 000000000043A868
[LOG] OutputSoftware::createSample             : lengthpcm 158400, lengthbytes 34304, channels 2, format 2, freq 48000, mode 0200020a
[LOG] SystemI::createSoundInternal             : No name found in file, use filename.
[LOG] SystemI::createSoundInternal             : done.  OpenState now = FMOD_OPENSTATE_READY.

[LOG] SystemI::createSoundInternal             : filename =  : mode 02000202
[LOG] SystemI::createSoundInternal             : exinfo->cbsize             = 232
[LOG] SystemI::createSoundInternal             : exinfo->length             = 2854432
[LOG] SystemI::createSoundInternal             : exinfo->fileoffset         = 35104
[LOG] SystemI::createSoundInternal             : exinfo->numsubsounds       = 1
[LOG] SystemI::createSoundInternal             : exinfo->inclusionlist      = 000000003D05FB38
[LOG] SystemI::createSoundInternal             : exinfo->inclusionlistnum   = 1
[LOG] SystemI::createSoundInternal             : exinfo->suggestedsoundtype = 5
[LOG] SystemI::createSoundInternal             : exinfo->useropen           = 00007FFE93A25130
[LOG] SystemI::createSoundInternal             : exinfo->userclose          = 00007FFE93A25100
[LOG] SystemI::createSoundInternal             : exinfo->userread           = 00007FFE93A25200
[LOG] SystemI::createSoundInternal             : exinfo->userseek           = 00007FFE93A252B0
[LOG] SystemI::createSoundInternal             : exinfo->fileuserdata       = 0000000034436818
[LOG] SystemI::createSoundInternal             : exinfo->initialseekpostype = 1
[LOG] SystemI::createSoundInternal             : Format has 1 subsounds.
[LOG] SystemI::createSoundInternal             : Create as FMOD_CREATESAMPLE
[LOG] SystemI::createSoundInternal             : Multi-sample sound (1 subsounds), create a sample container.
[LOG] SystemI::createSoundInternal             : creating subsound 0/1
[LOG] SystemI::createSample                    : mode 02000202 length 85920 samples, lengthbytes 17344
[LOG] SystemI::createSample                    : channels = 2
[LOG] SystemI::createSample                    : output = 000000000043A868
[LOG] OutputSoftware::createSample             : lengthpcm 85920, lengthbytes 17344, channels 2, format 2, freq 48000, mode 0200020a
[LOG] SystemI::createSoundInternal             : No name found in file, use filename.
[LOG] SystemI::createSoundInternal             : done.  OpenState now = FMOD_OPENSTATE_READY.

[LOG] SystemI::createSoundInternal             : filename =  : mode 02000202
[LOG] SystemI::createSoundInternal             : exinfo->cbsize             = 232
[LOG] SystemI::createSoundInternal             : exinfo->length             = 2854432
[LOG] SystemI::createSoundInternal             : exinfo->fileoffset         = 35104
[LOG] SystemI::createSoundInternal             : exinfo->numsubsounds       = 1
[LOG] SystemI::createSoundInternal             : exinfo->inclusionlist      = 000000003D05FB38
[LOG] SystemI::createSoundInternal             : exinfo->inclusionlistnum   = 1
[LOG] SystemI::createSoundInternal             : exinfo->suggestedsoundtype = 5
[LOG] SystemI::createSoundInternal             : exinfo->useropen           = 00007FFE93A25130
[LOG] SystemI::createSoundInternal             : exinfo->userclose          = 00007FFE93A25100
[LOG] SystemI::createSoundInternal             : exinfo->userread           = 00007FFE93A25200
[LOG] SystemI::createSoundInternal             : exinfo->userseek           = 00007FFE93A252B0
[LOG] SystemI::createSoundInternal             : exinfo->fileuserdata       = 0000000034436818
[LOG] SystemI::createSoundInternal             : exinfo->initialseekpostype = 1
[LOG] SystemI::createSoundInternal             : Format has 1 subsounds.
[LOG] SystemI::createSoundInternal             : Create as FMOD_CREATESAMPLE
[LOG] SystemI::createSoundInternal             : Multi-sample sound (1 subsounds), create a sample container.
[LOG] SystemI::createSoundInternal             : creating subsound 0/1
[LOG] SystemI::createSample                    : mode 02000202 length 32160 samples, lengthbytes 5792
[LOG] SystemI::createSample                    : channels = 1
[LOG] SystemI::createSample                    : output = 000000000043A868
[LOG] OutputSoftware::createSample             : lengthpcm 32160, lengthbytes 5792, channels 1, format 2, freq 48000, mode 0200020a
[LOG] SystemI::createSoundInternal             : No name found in file, use filename.
[LOG] SystemI::createSoundInternal             : done.  OpenState now = FMOD_OPENSTATE_READY.

[LOG] SystemI::createSoundInternal             : filename =  : mode 02000202
[LOG] SystemI::createSoundInternal             : exinfo->cbsize             = 232
[LOG] SystemI::createSoundInternal             : exinfo->length             = 2854432
[LOG] SystemI::createSoundInternal             : exinfo->fileoffset         = 35104
[LOG] SystemI::createSoundInternal             : exinfo->numsubsounds       = 1
[LOG] SystemI::createSoundInternal             : exinfo->inclusionlist      = 000000003D05FB38
[LOG] SystemI::createSoundInternal             : exinfo->inclusionlistnum   = 1
[LOG] SystemI::createSoundInternal             : exinfo->suggestedsoundtype = 5
[LOG] SystemI::createSoundInternal             : exinfo->useropen           = 00007FFE93A25130
[LOG] SystemI::createSoundInternal             : exinfo->userclose          = 00007FFE93A25100
[LOG] SystemI::createSoundInternal             : exinfo->userread           = 00007FFE93A25200
[LOG] SystemI::createSoundInternal             : exinfo->userseek           = 00007FFE93A252B0
[LOG] SystemI::createSoundInternal             : exinfo->fileuserdata       = 0000000034436818
[LOG] SystemI::createSoundInternal             : exinfo->initialseekpostype = 1
[LOG] SystemI::createSoundInternal             : Format has 1 subsounds.
[LOG] SystemI::createSoundInternal             : Create as FMOD_CREATESAMPLE
[LOG] SystemI::createSoundInternal             : Multi-sample sound (1 subsounds), create a sample container.
[LOG] SystemI::createSoundInternal             : creating subsound 0/1
[LOG] SystemI::createSample                    : mode 02000202 length 29280 samples, lengthbytes 6240
[LOG] SystemI::createSample                    : channels = 1
[LOG] SystemI::createSample                    : output = 000000000043A868
[LOG] OutputSoftware::createSample             : lengthpcm 29280, lengthbytes 6240, channels 1, format 2, freq 48000, mode 0200020a
[LOG] SystemI::createSoundInternal             : No name found in file, use filename.
[LOG] SystemI::createSoundInternal             : done.  OpenState now = FMOD_OPENSTATE_READY.

[LOG] SystemI::createSoundInternal             : filename =  : mode 02000202
[LOG] SystemI::createSoundInternal             : exinfo->cbsize             = 232
[LOG] SystemI::createSoundInternal             : exinfo->length             = 2854432
[LOG] SystemI::createSoundInternal             : exinfo->fileoffset         = 35104
[LOG] SystemI::createSoundInternal             : exinfo->numsubsounds       = 1
[LOG] SystemI::createSoundInternal             : exinfo->inclusionlist      = 000000003D05FB38
[LOG] SystemI::createSoundInternal             : exinfo->inclusionlistnum   = 1
[LOG] SystemI::createSoundInternal             : exinfo->suggestedsoundtype = 5
[LOG] SystemI::createSoundInternal             : exinfo->useropen           = 00007FFE93A25130
[LOG] SystemI::createSoundInternal             : exinfo->userclose          = 00007FFE93A25100
[LOG] SystemI::createSoundInternal             : exinfo->userread           = 00007FFE93A25200
[LOG] SystemI::createSoundInternal             : exinfo->userseek           = 00007FFE93A252B0
[LOG] SystemI::createSoundInternal             : exinfo->fileuserdata       = 0000000034436818
[LOG] SystemI::createSoundInternal             : exinfo->initialseekpostype = 1
[LOG] SystemI::createSoundInternal             : Format has 1 subsounds.
[LOG] SystemI::createSoundInternal             : Create as FMOD_CREATESAMPLE
[LOG] SystemI::createSoundInternal             : Multi-sample sound (1 subsounds), create a sample container.
[LOG] SystemI::createSoundInternal             : creating subsound 0/1
[LOG] SystemI::createSample                    : mode 02000202 length 168480 samples, lengthbytes 30912
[LOG] SystemI::createSample                    : channels = 2
[LOG] SystemI::createSample                    : output = 000000000043A868
[LOG] OutputSoftware::createSample             : lengthpcm 168480, lengthbytes 30912, channels 2, format 2, freq 48000, mode 0200020a
[LOG] SystemI::createSoundInternal             : No name found in file, use filename.
[LOG] SystemI::createSoundInternal             : done.  OpenState now = FMOD_OPENSTATE_READY.

[LOG] SystemI::createSoundInternal             : filename =  : mode 02000202
[LOG] SystemI::createSoundInternal             : exinfo->cbsize             = 232
[LOG] SystemI::createSoundInternal             : exinfo->length             = 2854432
[LOG] SystemI::createSoundInternal             : exinfo->fileoffset         = 35104
[LOG] SystemI::createSoundInternal             : exinfo->numsubsounds       = 1
[LOG] SystemI::createSoundInternal             : exinfo->inclusionlist      = 000000003D05FB38
[LOG] SystemI::createSoundInternal             : exinfo->inclusionlistnum   = 1
[LOG] SystemI::createSoundInternal             : exinfo->suggestedsoundtype = 5
[LOG] SystemI::createSoundInternal             : exinfo->useropen           = 00007FFE93A25130
[LOG] SystemI::createSoundInternal             : exinfo->userclose          = 00007FFE93A25100
[LOG] SystemI::createSoundInternal             : exinfo->userread           = 00007FFE93A25200
[LOG] SystemI::createSoundInternal             : exinfo->userseek           = 00007FFE93A252B0
[LOG] SystemI::createSoundInternal             : exinfo->fileuserdata       = 0000000034436818
[LOG] SystemI::createSoundInternal             : exinfo->initialseekpostype = 1
[LOG] SystemI::createSoundInternal             : Format has 1 subsounds.
[LOG] SystemI::createSoundInternal             : Create as FMOD_CREATESAMPLE
[LOG] SystemI::createSoundInternal             : Multi-sample sound (1 subsounds), create a sample container.
[LOG] SystemI::createSoundInternal             : creating subsound 0/1
[LOG] SystemI::createSample                    : mode 02000202 length 32160 samples, lengthbytes 6208
[LOG] SystemI::createSample                    : channels = 1
[LOG] SystemI::createSample                    : output = 000000000043A868
[LOG] OutputSoftware::createSample             : lengthpcm 32160, lengthbytes 6208, channels 1, format 2, freq 48000, mode 0200020a
[LOG] SystemI::createSoundInternal             : No name found in file, use filename.
[LOG] SystemI::createSoundInternal             : done.  OpenState now = FMOD_OPENSTATE_READY.

[LOG] SystemI::createSoundInternal             : filename =  : mode 02000202
[LOG] SystemI::createSoundInternal             : exinfo->cbsize             = 232
[LOG] SystemI::createSoundInternal             : exinfo->length             = 2854432
[LOG] SystemI::createSoundInternal             : exinfo->fileoffset         = 35104
[LOG] SystemI::createSoundInternal             : exinfo->numsubsounds       = 1
[LOG] SystemI::createSoundInternal             : exinfo->inclusionlist      = 000000003D05FB38
[LOG] SystemI::createSoundInternal             : exinfo->inclusionlistnum   = 1
[LOG] SystemI::createSoundInternal             : exinfo->suggestedsoundtype = 5
[LOG] SystemI::createSoundInternal             : exinfo->useropen           = 00007FFE93A25130
[LOG] SystemI::createSoundInternal             : exinfo->userclose          = 00007FFE93A25100
[LOG] SystemI::createSoundInternal             : exinfo->userread           = 00007FFE93A25200
[LOG] SystemI::createSoundInternal             : exinfo->userseek           = 00007FFE93A252B0
[LOG] SystemI::createSoundInternal             : exinfo->fileuserdata       = 0000000034436818
[LOG] SystemI::createSoundInternal             : exinfo->initialseekpostype = 1
[LOG] SystemI::createSoundInternal             : Format has 1 subsounds.
[LOG] SystemI::createSoundInternal             : Create as FMOD_CREATESAMPLE
[LOG] SystemI::createSoundInternal             : Multi-sample sound (1 subsounds), create a sample container.
[LOG] SystemI::createSoundInternal             : creating subsound 0/1
[LOG] SystemI::createSample                    : mode 02000202 length 32640 samples, lengthbytes 6368
[LOG] SystemI::createSample                    : channels = 1
[LOG] SystemI::createSample                    : output = 000000000043A868
[LOG] OutputSoftware::createSample             : lengthpcm 32640, lengthbytes 6368, channels 1, format 2, freq 48000, mode 0200020a
[LOG] SystemI::createSoundInternal             : No name found in file, use filename.
[LOG] SystemI::createSoundInternal             : done.  OpenState now = FMOD_OPENSTATE_READY.

[LOG] SystemI::createSoundInternal             : filename =  : mode 02000202
[LOG] SystemI::createSoundInternal             : exinfo->cbsize             = 232
[LOG] SystemI::createSoundInternal             : exinfo->length             = 2854432
[LOG] SystemI::createSoundInternal             : exinfo->fileoffset         = 35104
[LOG] SystemI::createSoundInternal             : exinfo->numsubsounds       = 1
[LOG] SystemI::createSoundInternal             : exinfo->inclusionlist      = 000000003D05FB38
[LOG] SystemI::createSoundInternal             : exinfo->inclusionlistnum   = 1
[LOG] SystemI::createSoundInternal             : exinfo->suggestedsoundtype = 5
[LOG] SystemI::createSoundInternal             : exinfo->useropen           = 00007FFE93A25130
[LOG] SystemI::createSoundInternal             : exinfo->userclose          = 00007FFE93A25100
[LOG] SystemI::createSoundInternal             : exinfo->userread           = 00007FFE93A25200
[LOG] SystemI::createSoundInternal             : exinfo->userseek           = 00007FFE93A252B0
[LOG] SystemI::createSoundInternal             : exinfo->fileuserdata       = 0000000034436818
[LOG] SystemI::createSoundInternal             : exinfo->initialseekpostype = 1
[LOG] SystemI::createSoundInternal             : Format has 1 subsounds.
[LOG] SystemI::createSoundInternal             : Create as FMOD_CREATESAMPLE
[LOG] SystemI::createSoundInternal             : Multi-sample sound (1 subsounds), create a sample container.
[LOG] SystemI::createSoundInternal             : creating subsound 0/1
[LOG] SystemI::createSample                    : mode 02000202 length 21120 samples, lengthbytes 4416
[LOG] SystemI::createSample                    : channels = 2
[LOG] SystemI::createSample                    : output = 000000000043A868
[LOG] OutputSoftware::createSample             : lengthpcm 21120, lengthbytes 4416, channels 2, format 2, freq 48000, mode 0200020a
[LOG] SystemI::createSoundInternal             : No name found in file, use filename.
[LOG] SystemI::createSoundInternal             : done.  OpenState now = FMOD_OPENSTATE_READY.

[LOG] SystemI::createSound                     : filename = C:\Users\Sergio\Desktop\Insert Coind Fmod\Build\Desktop/Master Bank.bank : mode 02010082
[LOG] SystemI::createSound                     : FMOD_NONBLOCKING specified.  Putting into queue to be opened asynchronously!
[LOG] Thread::initThread                       : Initializing FMOD nonblocking thread (0).  priority 1
[LOG] Thread::initThread                       : - Stacksize 81920.  Stack pointer 0000000000000000 : usesemaphore = 1 : sleeptime = 0
[LOG] Thread::callback                         : * FMOD nonblocking thread (0) started
[LOG] SystemI::createSound                     : setdata soundi = 00000000111DC108 : node = 0000000027508C70
[LOG] SystemI::createSound                     : add node to async list : head = 0000000014FD5D78.  list count = 0
[LOG] AsyncThread::threadFunc                  : Starting Asynchronous operation on sound 00000000111DC108
[LOG] SystemI::createSoundInternal             :     filename = C:\Users\Sergio\Desktop\Insert Coind Fmod\Build\Desktop/Master Bank.bank : mode 02010082
[LOG] SystemI::createSoundInternal             :     exinfo->cbsize             = 232
[LOG] SystemI::createSoundInternal             :     exinfo->length             = 2854432
[LOG] SystemI::createSoundInternal             :     exinfo->fileoffset         = 35104
[LOG] SystemI::createSoundInternal             :     exinfo->numsubsounds       = 1
[LOG] SystemI::createSoundInternal             :     exinfo->inclusionlist      = 0000000027508D88
[LOG] SystemI::createSoundInternal             :     exinfo->inclusionlistnum   = 1
[LOG] SystemI::createSoundInternal             :     exinfo->suggestedsoundtype = 5
[LOG] SystemI::createSoundInternal             :     exinfo->initialseekpostype = 1
[LOG] SystemI::createSoundInternal             :     Format has 1 subsounds.
[LOG] SystemI::createSoundInternal             :     Create as FMOD_CREATESTREAM
[LOG] System::createSoundInternal              :     decode buffersize = 19200 : blocksize = 256 : format = 2
[LOG] SystemI::createSample                    :     mode 02010082 length 19200 samples, lengthbytes 1658304
[LOG] SystemI::createSample                    :     channels = 2
[LOG] SystemI::createSample                    :     output = 000000000043A868
[LOG] OutputSoftware::createSample             :     lengthpcm 19200, lengthbytes 1658304, channels 2, format 2, freq 48000, mode 0201008a
[LOG] System::createSoundInternal              :     1 subsounds detected.
[LOG] System::createSoundInternal              :     Seek stream to start
[LOG] System::createSoundInternal              :     flush stream buffer
[LOG] System::createSoundInternal              :     flush successful.
[LOG] System::createSoundInternal              :     switch file handle from small blocking single buffered to large nonblocking doublebuffered.
[LOG] Thread::initThread                       :         Initializing FMOD file thread.  priority 1
[LOG] Thread::initThread                       :         - Stacksize 16384.  Stack pointer 0000000000000000 : usesemaphore = 0 : sleeptime = 10
[LOG] Thread::callback                         :         * FMOD file thread started
[LOG] SystemI::createSoundInternal             :     done.  OpenState now = FMOD_OPENSTATE_READY.

[LOG] AsyncThread::threadFunc                  : Finished Asynchronous operation on sound 00000000111DC108
[LOG] SoundI::getSubSound                      : sound 00000000111DC108.  Subsound index 0 / 1
[LOG] SystemI::mixerSuspend                    : Suspending output.
[LOG] SystemI::mixerResume                     : Resuming output.
[LOG] SystemI::mixerSuspend                    : Suspending output.
[LOG] SystemI::mixerResume                     : Resuming output.
[LOG] SystemI::mixerSuspend                    : Suspending output.
[LOG] SystemI::mixerResume                     : Resuming output.
[LOG] SystemI::mixerSuspend                    : Suspending output.
[LOG] SystemI::mixerResume                     : Resuming output.
[LOG] SystemI::createSound                     : filename = C:\Users\Sergio\Desktop\Insert Coind Fmod\Build\Desktop/Master Bank.bank : mode 02010082
[LOG] SystemI::createSound                     : FMOD_NONBLOCKING specified.  Putting into queue to be opened asynchronously!
[LOG] SystemI::createSound                     : setdata soundi = 00000000111DC448 : node = 0000000027508DC0
[LOG] SystemI::createSound                     : add node to async list : head = 0000000014FD5D78.  list count = 0
[LOG] AsyncThread::threadFunc                  : Starting Asynchronous operation on sound 00000000111DC448
[LOG] SystemI::createSoundInternal             :     filename = C:\Users\Sergio\Desktop\Insert Coind Fmod\Build\Desktop/Master Bank.bank : mode 02010082
[LOG] SystemI::createSoundInternal             :     exinfo->cbsize             = 232
[LOG] SystemI::createSoundInternal             :     exinfo->length             = 2854432
[LOG] SystemI::createSoundInternal             :     exinfo->fileoffset         = 35104
[LOG] SystemI::createSoundInternal             :     exinfo->numsubsounds       = 1
[LOG] SystemI::createSoundInternal             :     exinfo->inclusionlist      = 0000000027508ED8
[LOG] SystemI::createSoundInternal             :     exinfo->inclusionlistnum   = 1
[LOG] SystemI::createSoundInternal             :     exinfo->suggestedsoundtype = 5
[LOG] SystemI::createSoundInternal             :     exinfo->initialseekpostype = 1
[LOG] SystemI::createSoundInternal             :     Format has 1 subsounds.
[LOG] SystemI::createSoundInternal             :     Create as FMOD_CREATESTREAM
[LOG] System::createSoundInternal              :     decode buffersize = 19200 : blocksize = 256 : format = 2
[LOG] SystemI::createSample                    :     mode 02010082 length 19200 samples, lengthbytes 464768
[LOG] SystemI::createSample                    :     channels = 2
[LOG] SystemI::createSample                    :     output = 000000000043A868
[LOG] OutputSoftware::createSample             :     lengthpcm 19200, lengthbytes 464768, channels 2, format 2, freq 48000, mode 0201008a
[LOG] System::createSoundInternal              :     1 subsounds detected.
[LOG] System::createSoundInternal              :     Seek stream to start
[LOG] System::createSoundInternal              :     flush stream buffer
[LOG] System::createSoundInternal              :     flush successful.
[LOG] System::createSoundInternal              :     switch file handle from small blocking single buffered to large nonblocking doublebuffered.
[LOG] SystemI::createSoundInternal             :     done.  OpenState now = FMOD_OPENSTATE_READY.

[LOG] AsyncThread::threadFunc                  : Finished Asynchronous operation on sound 00000000111DC448
[LOG] SoundI::getSubSound                      : sound 00000000111DC448.  Subsound index 0 / 1
[LOG] SoundI::release                          : IC_Ms_Terror Ambient (00000000111DC108)
[LOG] SoundI::release                          : remove stream samples. (00000000111DC108)
[LOG] SoundI::release                          :     IC_Ms_Terror Ambient (0000000027F7B798)
[LOG] SoundI::release                          : release subsounds. (00000000111DC108)
[LOG] SoundI::release                          :     IC_Ms_Terror Ambient (00000000111DC2A8)
[LOG] SoundI::release                          : release codec. (00000000111DC108)
[LOG] SoundI::release                          : IC_MS_Terror Pursuit (00000000111DC448)
[LOG] SoundI::release                          : remove stream samples. (00000000111DC448)
[LOG] SoundI::release                          :     IC_MS_Terror Pursuit (0000000027F78598)
[LOG] SoundI::release                          : release subsounds. (00000000111DC448)
[LOG] SoundI::release                          :     IC_MS_Terror Pursuit (00000000111DB5A8)
[LOG] SoundI::release                          : release codec. (00000000111DC448)
[LOG] SystemI::createSound                     : filename = C:\Users\Sergio\Desktop\Insert Coind Fmod\Build\Desktop/Master Bank.bank : mode 02010082
[LOG] SystemI::createSound                     : FMOD_NONBLOCKING specified.  Putting into queue to be opened asynchronously!
[LOG] SystemI::createSound                     : setdata soundi = 00000000111DC108 : node = 00000000275085E0
[LOG] SystemI::createSound                     : add node to async list : head = 0000000014FD5D78.  list count = 0
[LOG] AsyncThread::threadFunc                  : Starting Asynchronous operation on sound 00000000111DC108
[LOG] SystemI::createSoundInternal             :     filename = C:\Users\Sergio\Desktop\Insert Coind Fmod\Build\Desktop/Master Bank.bank : mode 02010082
[LOG] SystemI::createSoundInternal             :     exinfo->cbsize             = 232
[LOG] SystemI::createSoundInternal             :     exinfo->length             = 2854432
[LOG] SystemI::createSoundInternal             :     exinfo->fileoffset         = 35104
[LOG] SystemI::createSoundInternal             :     exinfo->numsubsounds       = 1
[LOG] SystemI::createSoundInternal             :     exinfo->inclusionlist      = 00000000275086F8
[LOG] SystemI::createSoundInternal             :     exinfo->inclusionlistnum   = 1
[LOG] SystemI::createSoundInternal             :     exinfo->suggestedsoundtype = 5
[LOG] SystemI::createSoundInternal             :     exinfo->initialseekposition = 1000
[LOG] SystemI::createSoundInternal             :     exinfo->initialseekpostype = 1
[LOG] SystemI::createSoundInternal             :     Format has 1 subsounds.
[LOG] SystemI::createSoundInternal             :     Create as FMOD_CREATESTREAM
[LOG] System::createSoundInternal              :     decode buffersize = 19200 : blocksize = 256 : format = 2
[LOG] SystemI::createSample                    :     mode 02010082 length 19200 samples, lengthbytes 1658304
[LOG] SystemI::createSample                    :     channels = 2
[LOG] SystemI::createSample                    :     output = 000000000043A868
[LOG] OutputSoftware::createSample             :     lengthpcm 19200, lengthbytes 1658304, channels 2, format 2, freq 48000, mode 0201008a
[LOG] System::createSoundInternal              :     1 subsounds detected.
[LOG] System::createSoundInternal              :     Seek stream to start
[LOG] System::createSoundInternal              :     flush stream buffer
[LOG] System::createSoundInternal              :     flush successful.
[LOG] System::createSoundInternal              :     switch file handle from small blocking single buffered to large nonblocking doublebuffered.
[LOG] SystemI::createSoundInternal             :     done.  OpenState now = FMOD_OPENSTATE_READY.

[LOG] AsyncThread::threadFunc                  : Finished Asynchronous operation on sound 00000000111DC108
[LOG] SoundI::getSubSound                      : sound 00000000111DC108.  Subsound index 0 / 1
[LOG] SoundI::release                          :  (000000003437BA58)
[LOG] SoundI::release                          : release subsounds. (000000003437BA58)
[LOG] SoundI::release                          :     IC_SFx_Silvido1 (0000000027F7ACA8)
[LOG] SoundI::release                          : release codec. (000000003437BA58)
[LOG] SoundI::release                          :  (0000000027F7D7A8)
[LOG] SoundI::release                          : release subsounds. (0000000027F7D7A8)
[LOG] SoundI::release                          :     IC_SFx_Silvido2 (0000000027F799E8)
[LOG] SoundI::release                          : release codec. (0000000027F7D7A8)
[LOG] SoundI::release                          :  (000000003437CA28)
[LOG] SoundI::release                          : release subsounds. (000000003437CA28)
[LOG] SoundI::release                          :     IC_MS_Terror Finish (0000000027F7A988)
[LOG] SoundI::release                          : release codec. (000000003437CA28)
[LOG] SoundI::release                          :  (0000000027F7DBF8)
[LOG] SoundI::release                          : release subsounds. (0000000027F7DBF8)
[LOG] SoundI::release                          :     IC_SFx_SetpJugador1 (0000000027F74718)
[LOG] SoundI::release                          : release codec. (0000000027F7DBF8)
[LOG] SoundI::release                          :  (0000000027F7C948)
[LOG] SoundI::release                          : release subsounds. (0000000027F7C948)
[LOG] SoundI::release                          :     IC_SFx_SetpJugador2 (0000000027F76E28)
[LOG] SoundI::release                          : release codec. (0000000027F7C948)
[LOG] SoundI::release                          :  (0000000027F7D638)
[LOG] SoundI::release                          : release subsounds. (0000000027F7D638)
[LOG] SoundI::release                          :     IC_SFx_SetpJugador3 (0000000027F78408)
[LOG] SoundI::release                          : release codec. (0000000027F7D638)
[LOG] SoundI::release                          :  (0000000027F7C7D8)
[LOG] SoundI::release                          : release subsounds. (0000000027F7C7D8)
[LOG] SoundI::release                          :     IC_SFx_SetpJugador4 (0000000027F79538)
[LOG] SoundI::release                          : release codec. (0000000027F7C7D8)
[LOG] SoundI::release                          :  (0000000027F7DA88)
[LOG] SoundI::release                          : release subsounds. (0000000027F7DA88)
[LOG] SoundI::release                          :     IC_SFx_SetpJugador5 (0000000027F79D08)
[LOG] SoundI::release                          : release codec. (0000000027F7DA88)
[LOG] SoundI::release                          :  (000000003437D158)
[LOG] SoundI::release                          : release subsounds. (000000003437D158)
[LOG] SoundI::release                          :     IC_SFx_SetpJugador6 (0000000027F7B2E8)
[LOG] SoundI::release                          : release codec. (000000003437D158)
[LOG] SoundI::release                          :  (0000000027F7BF38)
[LOG] SoundI::release                          : release subsounds. (0000000027F7BF38)
[LOG] SoundI::release                          :     IC_SFx_SetpJugador7 (0000000027F7AE38)
[LOG] SoundI::release                          : release codec. (0000000027F7BF38)
[LOG] SoundI::release                          :  (0000000027F7C218)
[LOG] SoundI::release                          : release subsounds. (0000000027F7C218)
[LOG] SoundI::release                          :     IC_SFx_SetpJugador8 (0000000027F79E98)
[LOG] SoundI::release                          : release codec. (0000000027F7C218)
[LOG] SoundI::release                          :  (0000000027F7CD98)
[LOG] SoundI::release                          : release subsounds. (0000000027F7CD98)
[LOG] SoundI::release                          :     IC_SFx_Celestial (0000000027F77F58)
[LOG] SoundI::release                          : release codec. (0000000027F7CD98)
[LOG] SoundI::release                          : IC_Ms_Terror Ambient (00000000111DC108)
[LOG] SoundI::release                          : remove stream samples. (00000000111DC108)
[LOG] SoundI::release                          :     IC_Ms_Terror Ambient (0000000027F75398)
[LOG] SoundI::release                          : release subsounds. (00000000111DC108)
[LOG] SoundI::release                          :     IC_Ms_Terror Ambient (00000000111DCC68)
[LOG] SoundI::release                          : release codec. (00000000111DC108)
[LOG] SoundI::release                          :  (000000003437C8B8)
[LOG] SoundI::release                          : release subsounds. (000000003437C8B8)
[LOG] SoundI::release                          :     IC_SFx_SetpSilbon1 (0000000027F7B158)
[LOG] SoundI::release                          : release codec. (000000003437C8B8)
[LOG] SoundI::release                          :  (000000003437C018)
[LOG] SoundI::release                          : release subsounds. (000000003437C018)
[LOG] SoundI::release                          :     IC_SFx_SetpSilbon10 (0000000027F7AB18)
[LOG] SoundI::release                          : release codec. (000000003437C018)
[LOG] SoundI::release                          :  (0000000027F7CF08)
[LOG] SoundI::release                          : release subsounds. (0000000027F7CF08)
[LOG] SoundI::release                          :     IC_SFx_SetpSilbon2 (0000000027F78A48)
[LOG] SoundI::release                          : release codec. (0000000027F7CF08)
[LOG] SoundI::release                          :  (000000003437BBC8)
[LOG] SoundI::release                          : release subsounds. (000000003437BBC8)
[LOG] SoundI::release                          :     IC_SFx_SetpSilbon3 (0000000027F7AFC8)
[LOG] SoundI::release                          : release codec. (000000003437BBC8)
[LOG] SoundI::release                          :  (0000000027F7D4C8)
[LOG] SoundI::release                          : release subsounds. (0000000027F7D4C8)
[LOG] SoundI::release                          :     IC_SFx_SetpSilbon4 (0000000027F79858)
[LOG] SoundI::release                          : release codec. (0000000027F7D4C8)
[LOG] SoundI::release                          :  (0000000027F7D078)
[LOG] SoundI::release                          : release subsounds. (0000000027F7D078)
[LOG] SoundI::release                          :     IC_SFx_SetpSilbon5 (0000000027F793A8)
[LOG] SoundI::release                          : release codec. (0000000027F7D078)
[LOG] SoundI::release                          :  (0000000027F7C668)
[LOG] SoundI::release                          : release subsounds. (0000000027F7C668)
[LOG] SoundI::release                          :     IC_SFx_SetpSilbon6 (0000000027F761A8)
[LOG] SoundI::release                          : release codec. (0000000027F7C668)
[LOG] SoundI::release                          :  (0000000027F7C388)
[LOG] SoundI::release                          : release subsounds. (0000000027F7C388)
[LOG] SoundI::release                          :     IC_SFx_SetpSilbon7 (0000000027F7A668)
[LOG] SoundI::release                          : release codec. (0000000027F7C388)
[LOG] SoundI::release                          :  (000000003437CFE8)
[LOG] SoundI::release                          : release subsounds. (000000003437CFE8)
[LOG] SoundI::release                          :     IC_SFx_SetpSilbon8 (0000000027F7BAB8)
[LOG] SoundI::release                          : release codec. (000000003437CFE8)
[LOG] SoundI::release                          :  (0000000027F7D1E8)
[LOG] SoundI::release                          : release subsounds. (0000000027F7D1E8)
[LOG] SoundI::release                          :     IC_SFx_SetpSilbon9 (0000000027F796C8)
[LOG] SoundI::release                          : release codec. (0000000027F7D1E8)
[LOG] SoundI::release                          :  (0000000027F7D918)
[LOG] SoundI::release                          : release subsounds. (0000000027F7D918)
[LOG] SoundI::release                          :     IC_SFx_Help1 (0000000027F79B78)
[LOG] SoundI::release                          : release codec. (0000000027F7D918)
[LOG] SoundI::release                          :  (0000000027F7BDC8)
[LOG] SoundI::release                          : release subsounds. (0000000027F7BDC8)
[LOG] SoundI::release                          :     IC_SFx_Help2 (0000000027F7A028)
[LOG] SoundI::release                          : release codec. (0000000027F7BDC8)
[LOG] SoundI::release                          :  (0000000027F7CAB8)
[LOG] SoundI::release                          : release subsounds. (0000000027F7CAB8)
[LOG] SoundI::release                          :     IC_SFx_Hueso1 (0000000027F76338)
[LOG] SoundI::release                          : release codec. (0000000027F7CAB8)
[LOG] SoundI::release                          :  (0000000027F7C4F8)
[LOG] SoundI::release                          : release subsounds. (0000000027F7C4F8)
[LOG] SoundI::release                          :     IC_SFx_Hueso2 (0000000027F7A7F8)
[LOG] SoundI::release                          : release codec. (0000000027F7C4F8)
[LOG] SoundI::release                          :  (000000003437BEA8)
[LOG] SoundI::release                          : release subsounds. (000000003437BEA8)
[LOG] SoundI::release                          :     IC_SFx_Hueso3 (0000000027F7B608)
[LOG] SoundI::release                          : release codec. (000000003437BEA8)
[LOG] SoundI::release                          :  (0000000027F7C0A8)
[LOG] SoundI::release                          : release subsounds. (0000000027F7C0A8)
[LOG] SoundI::release                          :     IC_SFx_Hueso4 (0000000027F79218)
[LOG] SoundI::release                          : release codec. (0000000027F7C0A8)
[LOG] SoundI::release                          :  (000000003437B8E8)
[LOG] SoundI::release                          : release subsounds. (000000003437B8E8)
[LOG] SoundI::release                          :     IC_SFx_Monster1 (0000000027F7B478)
[LOG] SoundI::release                          : release codec. (000000003437B8E8)
[LOG] SoundI::release                          :  (0000000027F7D358)
[LOG] SoundI::release                          : release subsounds. (0000000027F7D358)
[LOG] SoundI::release                          :     IC_SFx_Monster2 (0000000027F756B8)
[LOG] SoundI::release                          : release codec. (0000000027F7D358)
[LOG] SoundI::release                          :  (0000000027F7CC28)
[LOG] SoundI::release                          : release subsounds. (0000000027F7CC28)
[LOG] SoundI::release                          :     IC_SFx_Monster3 (0000000027F764C8)
[LOG] SoundI::release                          : release codec. (0000000027F7CC28)
[LOG] SoundI::release                          :  (000000003437C5D8)
[LOG] SoundI::release                          : release subsounds. (000000003437C5D8)
[LOG] SoundI::release                          :     IC_SFx_Monster4 (0000000027F7B928)
[LOG] SoundI::release                          : release codec. (000000003437C5D8)
[LOG] Thread::callback                         : * FMOD Studio update thread finished
[LOG] Thread::close                            : FMOD Studio update thread thread destroyed
[LOG] Thread::callback                         : * FMOD Studio bank load thread finished
[LOG] Thread::close                            : FMOD Studio bank load thread thread destroyed
[LOG] Profile::disconnectAll                   : Profiler disconnecting all clients
[LOG] Thread::callback                         : * FMOD Studio sample load thread finished
[LOG] Thread::close                            : FMOD Studio sample load thread thread destroyed
[LOG] LiveUpdate::release                      : 
[LOG] LiveUpdate::reset                        : Reset connection (reason Disconnected)
[LOG] SystemI::close                           : 
[LOG] SystemI::close                           : Stop all sounds
[LOG] Thread::callback                         : * FMOD stream thread finished
[LOG] Thread::close                            : FMOD stream thread thread destroyed
[LOG] SystemI::close                           : Stream thread destroyed
[LOG] Thread::callback                         : * FMOD mixer thread finished
[LOG] Thread::close                            : FMOD mixer thread thread destroyed
[LOG] SystemI::close                           : Free master channel group.
[LOG] SystemI::close                           : Remove 'master' sound group.
[LOG] SystemI::close                           : Free software output.
[LOG] SystemI::close                           : Free emulated output.
[LOG] SystemI::close                           : Free channel pool.
[LOG] Thread::callback                         : * FMOD nonblocking thread (0) finished
[LOG] Thread::close                            : FMOD nonblocking thread (0) thread destroyed
[LOG] Thread::callback                         : * FMOD file thread finished
[LOG] Thread::close                            : FMOD file thread thread destroyed
[LOG] SystemI::close                           : done.

